<?xml version="1.0" encoding="UTF-8"?>
<!-- Generated by org.testng.reporters.JUnitReportReporter -->
<testsuite hostname="PHO281" failures="1" tests="2" name="CucumberOptions.TestNGTestRunner" time="22.834" errors="0" timestamp="2024-04-17T20:55:59 IST" skipped="0">
  <testcase classname="CucumberOptions.TestNGTestRunner" name="runScenario" time="9.016">
    <failure message="expected [Manage Service Requests | Park Square Homes] but found [Manage Service Requests | Park Square Homes1]" type="java.lang.AssertionError">
      <![CDATA[java.lang.AssertionError: expected [Manage Service Requests | Park Square Homes] but found [Manage Service Requests | Park Square Homes1]
at org.testng.Assert.fail(Assert.java:111)
at org.testng.Assert.failNotEquals(Assert.java:1578)
at org.testng.Assert.assertEqualsImpl(Assert.java:150)
at org.testng.Assert.assertEquals(Assert.java:132)
at org.testng.Assert.assertEquals(Assert.java:656)
at org.testng.Assert.assertEquals(Assert.java:666)
at StepDefinition.ParkSquareHomesSteps.validate_user_is_on_manage_service_request_page(ParkSquareHomesSteps.java:72)
at ✽.validate user is on manage service request page(file:///C:/Users/vishakha.darji/eclipse/CucumberTestNG/src/test/java/Features/ParkSquareHomes.feature:12)
]]>
    </failure>
  </testcase> <!-- runScenario -->
  <testcase classname="CucumberOptions.TestNGTestRunner" name="runScenario" time="13.818"/>
</testsuite> <!-- CucumberOptions.TestNGTestRunner -->
